Calculando ecm fideos
Calculando Vecino mas cercano
Frames internos = 2
ECM promedio: 61.5792
Máximo error obtenido: 254.567
Frames internos = 4
ECM promedio: 116.639
Máximo error obtenido: 390.933
Frames internos = 6
ECM promedio: 165.972
Máximo error obtenido: 447.62
Calculando interpolación lineal
Frames internos = 2
ECM promedio: 43.6452
Máximo error obtenido: 154.708
Frames internos = 4
ECM promedio: 86.1893
Máximo error obtenido: 253.57
Frames internos = 6
ECM promedio: 125.779
Máximo error obtenido: 316.921
Calculando splines de bloque 4
Frames internos = 2
ECM promedio: 48.9282
Máximo error obtenido: 161.805
Frames internos = 4
ECM promedio: 98.9888
Máximo error obtenido: 325.296
Frames internos = 6
ECM promedio: 142.752
Máximo error obtenido: 369.742
Calculando splines de bloque 8
Frames internos = 2
ECM promedio: 54.142
Máximo error obtenido: 244.584
Frames internos = 4
ECM promedio: 106.137
Máximo error obtenido: 375.793
Frames internos = 6
ECM promedio: 152.731
Máximo error obtenido: 446.351
Calculando splines de bloque 16
Frames internos = 2
ECM promedio: 58.6143
Máximo error obtenido: 445.129
Frames internos = 4
ECM promedio: 116.035
Máximo error obtenido: 612.757
Frames internos = 6
ECM promedio: 159.943
Máximo error obtenido: 572.348
