Calculando ecm tenis
Calculando Vecino mas cercano
Frames internos = 2
ECM promedio: 30.9356
Máximo error obtenido: 166.118
Frames internos = 4
ECM promedio: 60.5956
Máximo error obtenido: 302.99
Frames internos = 6
ECM promedio: 90.501
Máximo error obtenido: 419.074
Calculando interpolación lineal
Frames internos = 2
ECM promedio: 19.3621
Máximo error obtenido: 112.955
Frames internos = 4
ECM promedio: 40.4578
Máximo error obtenido: 202.953
Frames internos = 6
ECM promedio: 63.0961
Máximo error obtenido: 272.691
Calculando splines de bloque 4
Frames internos = 2
ECM promedio: 20.0888
Máximo error obtenido: 122.07
Frames internos = 4
ECM promedio: 43.6463
Máximo error obtenido: 230.352
Frames internos = 6
ECM promedio: 68.5048
Máximo error obtenido: 316.764
Calculando splines de bloque 8
Frames internos = 2
ECM promedio: 19.936
Máximo error obtenido: 120.061
Frames internos = 4
ECM promedio: 47.4056
Máximo error obtenido: 305.854
Frames internos = 6
ECM promedio: 73.7002
Máximo error obtenido: 422.622
Calculando splines de bloque 16
Frames internos = 2
ECM promedio: 19.7682
Máximo error obtenido: 120.393
Frames internos = 4
ECM promedio: 50.9056
Máximo error obtenido: 674.102
Frames internos = 6
ECM promedio: 77.5372
Máximo error obtenido: 701.227
